CRITICAL - 2024-03-28 05:57:22 --> TypeError: CodeIgniter\Model::__construct(): Argument #1 ($db) must be of type ?CodeIgniter\Database\ConnectionInterface, string given, called in C:\xampp\htdocs\Pustaka-Booking\app\Controllers\latihan01.php on line 20
in SYSTEMPATH\Model.php on line 148.
 1 APPPATH\Controllers\latihan01.php(20): CodeIgniter\Model->__construct('5', '4')
 2 SYSTEMPATH\CodeIgniter.php(941): App\Controllers\Latihan01->penjumlahan('5', '4')
 3 SYSTEMPATH\CodeIgniter.php(502): CodeIgniter\CodeIgniter->runController(Object(App\Controllers\Latihan01))
 4 SYSTEMPATH\CodeIgniter.php(361): CodeIgniter\CodeIgniter->handleRequest(null, Object(Config\Cache), false)
 5 FCPATH\index.php(79): CodeIgniter\CodeIgniter->run()
 6 SYSTEMPATH\Commands\Server\rewrite.php(47): require_once('C:\\xampp\\htdocs\\Pustaka-Booking\\public\\index.php')
CRITICAL - 2024-03-28 05:57:31 --> TypeError: CodeIgniter\Model::__construct(): Argument #1 ($db) must be of type ?CodeIgniter\Database\ConnectionInterface, string given, called in C:\xampp\htdocs\Pustaka-Booking\app\Controllers\latihan01.php on line 20
in SYSTEMPATH\Model.php on line 148.
 1 APPPATH\Controllers\latihan01.php(20): CodeIgniter\Model->__construct('5', '4')
 2 SYSTEMPATH\CodeIgniter.php(941): App\Controllers\Latihan01->penjumlahan('5', '4')
 3 SYSTEMPATH\CodeIgniter.php(502): CodeIgniter\CodeIgniter->runController(Object(App\Controllers\Latihan01))
 4 SYSTEMPATH\CodeIgniter.php(361): CodeIgniter\CodeIgniter->handleRequest(null, Object(Config\Cache), false)
 5 FCPATH\index.php(79): CodeIgniter\CodeIgniter->run()
 6 SYSTEMPATH\Commands\Server\rewrite.php(47): require_once('C:\\xampp\\htdocs\\Pustaka-Booking\\public\\index.php')
CRITICAL - 2024-03-28 05:57:58 --> TypeError: CodeIgniter\Model::__construct(): Argument #1 ($db) must be of type ?CodeIgniter\Database\ConnectionInterface, string given, called in C:\xampp\htdocs\Pustaka-Booking\app\Controllers\latihan01.php on line 20
in SYSTEMPATH\Model.php on line 148.
 1 APPPATH\Controllers\latihan01.php(20): CodeIgniter\Model->__construct('5', '4')
 2 SYSTEMPATH\CodeIgniter.php(941): App\Controllers\Latihan01->penjumlahan('5', '4')
 3 SYSTEMPATH\CodeIgniter.php(502): CodeIgniter\CodeIgniter->runController(Object(App\Controllers\Latihan01))
 4 SYSTEMPATH\CodeIgniter.php(361): CodeIgniter\CodeIgniter->handleRequest(null, Object(Config\Cache), false)
 5 FCPATH\index.php(79): CodeIgniter\CodeIgniter->run()
 6 SYSTEMPATH\Commands\Server\rewrite.php(47): require_once('C:\\xampp\\htdocs\\Pustaka-Booking\\public\\index.php')
